
=== Wed Jun 18 16:53:20 2025

Packages were changed.
Update Mode: mergeDefaultDependencies

The following packages were added:
  com.unity.modules.ai@1.0.0
  com.unity.modules.androidjni@1.0.0
  com.unity.modules.animation@1.0.0
  com.unity.modules.assetbundle@1.0.0
  com.unity.modules.audio@1.0.0
  com.unity.modules.cloth@1.0.0
  com.unity.modules.director@1.0.0
  com.unity.modules.imageconversion@1.0.0
  com.unity.modules.imgui@1.0.0
  com.unity.modules.jsonserialize@1.0.0
  com.unity.modules.particlesystem@1.0.0
  com.unity.modules.physics@1.0.0
  com.unity.modules.physics2d@1.0.0
  com.unity.modules.screencapture@1.0.0
  com.unity.modules.terrain@1.0.0
  com.unity.modules.terrainphysics@1.0.0
  com.unity.modules.tilemap@1.0.0
  com.unity.modules.ui@1.0.0
  com.unity.modules.uielements@1.0.0
  com.unity.modules.umbra@1.0.0
  com.unity.modules.unityanalytics@1.0.0
  com.unity.modules.unitywebrequest@1.0.0
  com.unity.modules.unitywebrequestassetbundle@1.0.0
  com.unity.modules.unitywebrequestaudio@1.0.0
  com.unity.modules.unitywebrequesttexture@1.0.0
  com.unity.modules.unitywebrequestwww@1.0.0
  com.unity.modules.vehicles@1.0.0
  com.unity.modules.video@1.0.0
  com.unity.modules.vr@1.0.0
  com.unity.modules.wind@1.0.0
  com.unity.modules.xr@1.0.0
The following packages were updated:
  com.unity.collab-proxy from version 1.13.5 to 2.3.1
  com.unity.timeline from version 1.6.2 to 1.7.6
  com.unity.visualscripting from version 1.7.6 to 1.9.2

=== Thu Jul  3 15:59:59 2025

Packages were changed.
Update Mode: mergeDefaultDependencies

The following packages were added:
  com.unity.2d.sprite@1.0.0
  com.unity.ai.navigation@1.1.5
  com.unity.animation.rigging@1.2.1
  com.unity.burst@1.8.16
  com.unity.cloud.gltfast@6.10.3
  com.unity.collections@2.2.1
  com.unity.device-simulator.devices@1.0.0
  com.unity.editorcoroutines@1.0.0
  com.unity.ext.nunit@1.0.6
  com.unity.ide.rider@3.0.31
  com.unity.ide.visualstudio@2.0.22
  com.unity.inputsystem@1.7.0
  com.unity.learn.iet-framework@3.1.3
  com.unity.mathematics@1.3.1
  com.unity.nuget.mono-cecil@1.11.5
  com.unity.nuget.newtonsoft-json@3.2.1
  com.unity.settings-manager@2.0.1
  com.unity.test-framework@1.1.33
  com.unity.test-framework.performance@3.0.3
  com.unity.modules.subsystems@1.0.0
The following packages were updated:
  com.unity.textmeshpro from version 3.0.6 to 3.0.9

=== Fri Jul  4 15:15:01 2025

Packages were changed.
Update Mode: mergeDefaultDependencies

The following packages were added:
  com.unity.ai.navigation@1.1.5
  com.unity.learn.iet-framework@3.1.3
